/nix/store/lywgil2m5qiwhswbaf08zdv2fxbpddjm-libglvnd-1.4.0/lib/libGL.so
/nix/store/mbi6242rcfhd45v4y5h0m4ql06ji1nmv-steam-run-fhs/usr/lib32/libGL.so
/nix/store/mbi6242rcfhd45v4y5h0m4ql06ji1nmv-steam-run-fhs/usr/lib64/libGL.so
/nix/store/8vmhsfmz3y7b46d2rvsivq1rfazy5hml-steam-run-usr-multi/lib/libGL.so
/nix/store/mk4268khdcg0ph8r6b8q592qjg7h2wls-cudatoolkit-11.6.1/host-linux-x64/Mesa/libGL.so
/nix/store/ccb77xjs5d73ykza7nd7l846cmyhg9r2-steam-run-usr-target/lib/libGL.so
/nix/store/v25wgplmrpr8k2qh7cbs1mdyp3q70fsk-steam-usr-target/lib/libGL.so
/nix/store/6dvl7am0hg3m3gdvxhn0g1gv82n3hxzm-steam-run-usr-multi/lib/libGL.so
/nix/store/zxvc4kw3psnmxa61yljrw4rndyx8hk9b-steam-run-usr-multi/lib/libGL.so
/nix/store/syikgkzm5psgvz1ka5dv8vrlswx7f9fb-cudatoolkit-11.6.1/host-linux-x64/Mesa/libGL.so
/nix/store/znl9c95yvn89d1yswmsrnsdvbmkv0fvj-cudatoolkit-11.7.0/host-linux-x64/Mesa/libGL.so
/nix/store/n3mnxpif0zxs4ws1pw8spj68l0gzcr9z-cudatoolkit-11.7.0/host-linux-x64/Mesa/libGL.so
/nix/store/r6gaafh6r6cf3k74w4v0mb6g043p920m-libglvnd-1.4.0/lib/libGL.so
/nix/store/xzgldqbi57igx4gf1av6xgsfb13viwaj-libglvnd-1.4.0/lib/libGL.so
/nix/store/n56bbrs9nxxfn2rdhj50nzivd6r3i34v-steam-usr-multi/lib/libGL.so
/nix/store/27wwxcs31pwi7jmmnb57hldxrdqapchc-steam-usr-target/lib/libGL.so
/nix/store/zz903xqavbxibcrxim5knw2w2kmilwiw-steam-usr-target/lib/libGL.so
/nix/store/5llmyk4hj7hgyhia4l3kwbjvm699rgp0-steam-run-usr-target/lib/libGL.so
/nix/store/qvm431r4krs0jdxvd3yjgwjbqva74hzs-steam-usr-multi/lib/libGL.so
/nix/store/7yqnr4x1sas3vkbvwjhmzc3dbniqv6ys-steam-usr-multi/lib/libGL.so
/nix/store/mbzsbs32d1crw4krgysc1vs3r1x8k9x1-libglvnd-1.4.0/lib/libGL.so
/nix/store/v8kg4r3h3f3cyhgj57l90l5fvzqwlzb3-libglvnd-1.4.0/lib/libGL.so
/nix/store/pqjidm51iw9vlz64vk068pvkrh66ng7j-steam-usr-multi/lib/libGL.so
/nix/store/xm9hm1sxbqgzxwihg9h7givbm0cdipni-steam-usr-target/lib/libGL.so
/nix/store/crm9wdldm5i0yd4qpmzicpqn0x5gbri4-steam-run-usr-multi/lib/libGL.so
/nix/store/nvwr6f9g9ni2zci9n6r85mflk9vjfd2r-steam-run-usr-target/lib/libGL.so
/nix/store/90vv39f5ca0gckrj00l6l6n5y4yva8x7-steam-fhs/usr/lib32/libGL.so
/nix/store/90vv39f5ca0gckrj00l6l6n5y4yva8x7-steam-fhs/usr/lib64/libGL.so
/nix/store/jwjs66yilpa22rwq068s7ba90h227652-steam-run-fhs/usr/lib32/libGL.so
/nix/store/jwjs66yilpa22rwq068s7ba90h227652-steam-run-fhs/usr/lib64/libGL.so
/nix/store/n2y7xr21b4vvsap4zyxqvcqid5zr080f-libglvnd-1.5.0/lib/libGL.so
/nix/store/l9sfzxp3pa2wwkp9h47dpr1wrs8jl4n3-cudatoolkit-11.7.0-unsplit/host-linux-x64/Mesa/libGL.so
/nix/store/4gyyqm8v3lp25f23qxh898sjcnb20r6w-steam-run-usr-target/lib/libGL.so
/nix/store/fqy3j6ypnm7nirxckg2ik0n38k22ravl-steam-run-fhs/usr/lib32/libGL.so
/nix/store/fqy3j6ypnm7nirxckg2ik0n38k22ravl-steam-run-fhs/usr/lib64/libGL.so
/nix/store/alzqdc4nc13dfpiv7ymhjfykqgl3aza8-cudatoolkit-11.6.1-unsplit/host-linux-x64/Mesa/libGL.so
/nix/store/mng178jcgplmykljrgs2snd5ndf5pdjp-libglvnd-1.5.0/lib/libGL.so
/nix/store/z97asnpgj3f2cy0kx62pvz40f9j03435-cudatoolkit-11.7.0-unsplit/host-linux-x64/Mesa/libGL.so
/nix/store/gz5gr32cmhrmkydq7z775hl2h9lszw6k-libglvnd-1.4.0/lib/libGL.so
/nix/store/sfrl9c3nsc6w2h0lrqyqxdhg2g95qrg7-libglvnd-1.4.0/lib/libGL.so
/nix/store/47lfsmwi7r3a4j44kaf09q51qb95gl27-cudatoolkit-11.6.1-merged/host-linux-x64/Mesa/libGL.so
/nix/store/mgr75pzfmlwsfcgsyg45ay4k98g7jdr9-cudatoolkit-11.7.0-unsplit/host-linux-x64/Mesa/libGL.so
/nix/store/r1rrg8hqv9a1ik92bz1anszmhcif5rg8-steam-fhs/usr/lib32/libGL.so
/nix/store/r1rrg8hqv9a1ik92bz1anszmhcif5rg8-steam-fhs/usr/lib64/libGL.so
/nix/store/mh9wr9fvk16mw1cyv7jsmh5srdsw0snv-cudatoolkit-11.7.0-unsplit/host-linux-x64/Mesa/libGL.so
/nix/store/3i6minf6dvv3hcaw7vviqqjmyd98kwvr-cudatoolkit-11.7.0-merged/host-linux-x64/Mesa/libGL.so
/nix/store/659zk95g6d5lhvgwp66dlysdc122mlki-cudatoolkit-11.6.1-unsplit/host-linux-x64/Mesa/libGL.so
/nix/store/g3nnhz0lc4808rrxj5zn3dc4nlb1j4d3-libglvnd-1.4.0/lib/libGL.so
/nix/store/5zrxd8pn7a08jl6gix91apr9dky2382v-libglvnd-1.5.0/lib/libGL.so
/nix/store/4nwc0hxyrwaldjhkbajhnndraxx2id1d-cudatoolkit-11.6.1/host-linux-x64/Mesa/libGL.so
/nix/store/jkdwl67w1jc305hqx5ya3snyb4cxj5yn-cudatoolkit-11.7.0/host-linux-x64/Mesa/libGL.so
/nix/store/c4n34187ms132nckqqkq90i6b6zn1yy8-marktext-0.17.1-fhs/usr/lib/libGL.so
/nix/store/4gsnxksrv542w4a5ykyqzbg5j3bcqisb-libglvnd-1.4.0/lib/libGL.so
/nix/store/xvfl3d8irv3hj1admxnadr08f88v4w0w-libglvnd-1.5.0/lib/libGL.so
/nix/store/4mnjr3ckrizq3jlhxvhap68splmh1xqx-steam-run-usr-target/lib/libGL.so
/nix/store/kn2wgi3rq4wzzrsfq86ddbm8icmhanhs-steam-fhs/usr/lib32/libGL.so
/nix/store/kn2wgi3rq4wzzrsfq86ddbm8icmhanhs-steam-fhs/usr/lib64/libGL.so
/nix/store/jh97jbvjkrn44fawvp90dvfm9mm955i4-steam-run-fhs/usr/lib32/libGL.so
/nix/store/jh97jbvjkrn44fawvp90dvfm9mm955i4-steam-run-fhs/usr/lib64/libGL.so
/nix/store/2z3lmxy86286a9mjjm8c889nrld98kmr-steam-fhs/usr/lib32/libGL.so
/nix/store/2z3lmxy86286a9mjjm8c889nrld98kmr-steam-fhs/usr/lib64/libGL.so
/nix/store/cp792xbg5wsj3gxhb5fr8hv81w124f9f-marktext-0.17.1-usr-target/lib/libGL.so
/nix/store/x2p487nfvb2bjq5ayax8d0mjkwfjj7m9-steam-run-usr-multi/lib/libGL.so
/nix/store/5prigynp7pkjsgsk39cj9gbq3wkc1xyq-steam-run-fhs/usr/lib32/libGL.so
/nix/store/5prigynp7pkjsgsk39cj9gbq3wkc1xyq-steam-run-fhs/usr/lib64/libGL.so
/nix/store/jy75g6xyhpasnrq49qbsfiv5brz9w4gl-libglvnd-1.5.0/lib/libGL.so
/host/nix/store/lywgil2m5qiwhswbaf08zdv2fxbpddjm-libglvnd-1.4.0/lib/libGL.so
/host/nix/store/mbi6242rcfhd45v4y5h0m4ql06ji1nmv-steam-run-fhs/usr/lib32/libGL.so
/host/nix/store/mbi6242rcfhd45v4y5h0m4ql06ji1nmv-steam-run-fhs/usr/lib64/libGL.so
/host/nix/store/8vmhsfmz3y7b46d2rvsivq1rfazy5hml-steam-run-usr-multi/lib/libGL.so
/host/nix/store/mk4268khdcg0ph8r6b8q592qjg7h2wls-cudatoolkit-11.6.1/host-linux-x64/Mesa/libGL.so
/host/nix/store/ccb77xjs5d73ykza7nd7l846cmyhg9r2-steam-run-usr-target/lib/libGL.so
/host/nix/store/v25wgplmrpr8k2qh7cbs1mdyp3q70fsk-steam-usr-target/lib/libGL.so
/host/nix/store/6dvl7am0hg3m3gdvxhn0g1gv82n3hxzm-steam-run-usr-multi/lib/libGL.so
/host/nix/store/zxvc4kw3psnmxa61yljrw4rndyx8hk9b-steam-run-usr-multi/lib/libGL.so
/host/nix/store/syikgkzm5psgvz1ka5dv8vrlswx7f9fb-cudatoolkit-11.6.1/host-linux-x64/Mesa/libGL.so
/host/nix/store/znl9c95yvn89d1yswmsrnsdvbmkv0fvj-cudatoolkit-11.7.0/host-linux-x64/Mesa/libGL.so
/host/nix/store/n3mnxpif0zxs4ws1pw8spj68l0gzcr9z-cudatoolkit-11.7.0/host-linux-x64/Mesa/libGL.so
/host/nix/store/r6gaafh6r6cf3k74w4v0mb6g043p920m-libglvnd-1.4.0/lib/libGL.so
/host/nix/store/xzgldqbi57igx4gf1av6xgsfb13viwaj-libglvnd-1.4.0/lib/libGL.so
/host/nix/store/n56bbrs9nxxfn2rdhj50nzivd6r3i34v-steam-usr-multi/lib/libGL.so
/host/nix/store/27wwxcs31pwi7jmmnb57hldxrdqapchc-steam-usr-target/lib/libGL.so
/host/nix/store/zz903xqavbxibcrxim5knw2w2kmilwiw-steam-usr-target/lib/libGL.so
/host/nix/store/5llmyk4hj7hgyhia4l3kwbjvm699rgp0-steam-run-usr-target/lib/libGL.so
/host/nix/store/qvm431r4krs0jdxvd3yjgwjbqva74hzs-steam-usr-multi/lib/libGL.so
/host/nix/store/7yqnr4x1sas3vkbvwjhmzc3dbniqv6ys-steam-usr-multi/lib/libGL.so
/host/nix/store/mbzsbs32d1crw4krgysc1vs3r1x8k9x1-libglvnd-1.4.0/lib/libGL.so
/host/nix/store/v8kg4r3h3f3cyhgj57l90l5fvzqwlzb3-libglvnd-1.4.0/lib/libGL.so
/host/nix/store/pqjidm51iw9vlz64vk068pvkrh66ng7j-steam-usr-multi/lib/libGL.so
/host/nix/store/xm9hm1sxbqgzxwihg9h7givbm0cdipni-steam-usr-target/lib/libGL.so
/host/nix/store/crm9wdldm5i0yd4qpmzicpqn0x5gbri4-steam-run-usr-multi/lib/libGL.so
/host/nix/store/nvwr6f9g9ni2zci9n6r85mflk9vjfd2r-steam-run-usr-target/lib/libGL.so
/host/nix/store/90vv39f5ca0gckrj00l6l6n5y4yva8x7-steam-fhs/usr/lib32/libGL.so
/host/nix/store/90vv39f5ca0gckrj00l6l6n5y4yva8x7-steam-fhs/usr/lib64/libGL.so
/host/nix/store/jwjs66yilpa22rwq068s7ba90h227652-steam-run-fhs/usr/lib32/libGL.so
/host/nix/store/jwjs66yilpa22rwq068s7ba90h227652-steam-run-fhs/usr/lib64/libGL.so
/host/nix/store/n2y7xr21b4vvsap4zyxqvcqid5zr080f-libglvnd-1.5.0/lib/libGL.so
/host/nix/store/l9sfzxp3pa2wwkp9h47dpr1wrs8jl4n3-cudatoolkit-11.7.0-unsplit/host-linux-x64/Mesa/libGL.so
/host/nix/store/4gyyqm8v3lp25f23qxh898sjcnb20r6w-steam-run-usr-target/lib/libGL.so
/host/nix/store/fqy3j6ypnm7nirxckg2ik0n38k22ravl-steam-run-fhs/usr/lib32/libGL.so
/host/nix/store/fqy3j6ypnm7nirxckg2ik0n38k22ravl-steam-run-fhs/usr/lib64/libGL.so
/host/nix/store/alzqdc4nc13dfpiv7ymhjfykqgl3aza8-cudatoolkit-11.6.1-unsplit/host-linux-x64/Mesa/libGL.so
/host/nix/store/mng178jcgplmykljrgs2snd5ndf5pdjp-libglvnd-1.5.0/lib/libGL.so
/host/nix/store/z97asnpgj3f2cy0kx62pvz40f9j03435-cudatoolkit-11.7.0-unsplit/host-linux-x64/Mesa/libGL.so
/host/nix/store/gz5gr32cmhrmkydq7z775hl2h9lszw6k-libglvnd-1.4.0/lib/libGL.so
/host/nix/store/sfrl9c3nsc6w2h0lrqyqxdhg2g95qrg7-libglvnd-1.4.0/lib/libGL.so
/host/nix/store/47lfsmwi7r3a4j44kaf09q51qb95gl27-cudatoolkit-11.6.1-merged/host-linux-x64/Mesa/libGL.so
/host/nix/store/mgr75pzfmlwsfcgsyg45ay4k98g7jdr9-cudatoolkit-11.7.0-unsplit/host-linux-x64/Mesa/libGL.so
/host/nix/store/r1rrg8hqv9a1ik92bz1anszmhcif5rg8-steam-fhs/usr/lib32/libGL.so
/host/nix/store/r1rrg8hqv9a1ik92bz1anszmhcif5rg8-steam-fhs/usr/lib64/libGL.so
/host/nix/store/mh9wr9fvk16mw1cyv7jsmh5srdsw0snv-cudatoolkit-11.7.0-unsplit/host-linux-x64/Mesa/libGL.so
/host/nix/store/3i6minf6dvv3hcaw7vviqqjmyd98kwvr-cudatoolkit-11.7.0-merged/host-linux-x64/Mesa/libGL.so
/host/nix/store/659zk95g6d5lhvgwp66dlysdc122mlki-cudatoolkit-11.6.1-unsplit/host-linux-x64/Mesa/libGL.so
/host/nix/store/g3nnhz0lc4808rrxj5zn3dc4nlb1j4d3-libglvnd-1.4.0/lib/libGL.so
/host/nix/store/5zrxd8pn7a08jl6gix91apr9dky2382v-libglvnd-1.5.0/lib/libGL.so
/host/nix/store/4nwc0hxyrwaldjhkbajhnndraxx2id1d-cudatoolkit-11.6.1/host-linux-x64/Mesa/libGL.so
/host/nix/store/jkdwl67w1jc305hqx5ya3snyb4cxj5yn-cudatoolkit-11.7.0/host-linux-x64/Mesa/libGL.so
/host/nix/store/c4n34187ms132nckqqkq90i6b6zn1yy8-marktext-0.17.1-fhs/usr/lib/libGL.so
/host/nix/store/4gsnxksrv542w4a5ykyqzbg5j3bcqisb-libglvnd-1.4.0/lib/libGL.so
/host/nix/store/xvfl3d8irv3hj1admxnadr08f88v4w0w-libglvnd-1.5.0/lib/libGL.so
/host/nix/store/4mnjr3ckrizq3jlhxvhap68splmh1xqx-steam-run-usr-target/lib/libGL.so
/host/nix/store/kn2wgi3rq4wzzrsfq86ddbm8icmhanhs-steam-fhs/usr/lib32/libGL.so
/host/nix/store/kn2wgi3rq4wzzrsfq86ddbm8icmhanhs-steam-fhs/usr/lib64/libGL.so
/host/nix/store/jh97jbvjkrn44fawvp90dvfm9mm955i4-steam-run-fhs/usr/lib32/libGL.so
/host/nix/store/jh97jbvjkrn44fawvp90dvfm9mm955i4-steam-run-fhs/usr/lib64/libGL.so
/host/nix/store/2z3lmxy86286a9mjjm8c889nrld98kmr-steam-fhs/usr/lib32/libGL.so
/host/nix/store/2z3lmxy86286a9mjjm8c889nrld98kmr-steam-fhs/usr/lib64/libGL.so
/host/nix/store/cp792xbg5wsj3gxhb5fr8hv81w124f9f-marktext-0.17.1-usr-target/lib/libGL.so
/host/nix/store/x2p487nfvb2bjq5ayax8d0mjkwfjj7m9-steam-run-usr-multi/lib/libGL.so
/host/nix/store/5prigynp7pkjsgsk39cj9gbq3wkc1xyq-steam-run-fhs/usr/lib32/libGL.so
/host/nix/store/5prigynp7pkjsgsk39cj9gbq3wkc1xyq-steam-run-fhs/usr/lib64/libGL.so
/host/nix/store/jy75g6xyhpasnrq49qbsfiv5brz9w4gl-libglvnd-1.5.0/lib/libGL.so
